<?xml version="1.0" encoding="UTF-8"?>
<!-- Generated by org.testng.reporters.JUnitXMLReporter -->
<testsuite ignored="0" hostname="ITEM-AX31720" failures="0" tests="2" name="Default test" time="1.291" errors="0" timestamp="2021-06-15T13:39:29 MESZ">
  <testcase classname="com.axway.apim.openapi.validator.OpenAPIValidatorTest" name="invalidPostPetstoreSwagger20" time="1.158"/>
  <testcase classname="com.axway.apim.openapi.validator.OpenAPIValidatorTest" name="validPostPetstoreSwagger20" time="0.083"/>
</testsuite> <!-- Default test -->
