<?xml version="1.0" encoding="UTF-8"?>
<testng-results ignored="0" total="2" passed="2" failed="0" skipped="0">
  <reporter-output>
  </reporter-output>
  <suite started-at="2021-06-15T13:39:28 MESZ" name="Default suite" finished-at="2021-06-15T13:39:29 MESZ" duration-ms="1291">
    <groups>
    </groups>
    <test started-at="2021-06-15T13:39:28 MESZ" name="Default test" finished-at="2021-06-15T13:39:29 MESZ" duration-ms="1291">
      <class name="com.axway.apim.openapi.validator.OpenAPIValidatorTest">
        <test-method signature="invalidPostPetstoreSwagger20()[pri:0, instance:com.axway.apim.openapi.validator.OpenAPIValidatorTest@7ce3cb8e]" started-at="2021-06-15T13:39:28 MESZ" name="invalidPostPetstoreSwagger20" finished-at="2021-06-15T13:39:29 MESZ" duration-ms="1158" status="PASS">
          <reporter-output>
          </reporter-output>
        </test-method> <!-- invalidPostPetstoreSwagger20 -->
        <test-method signature="validPostPetstoreSwagger20()[pri:0, instance:com.axway.apim.openapi.validator.OpenAPIValidatorTest@7ce3cb8e]" started-at="2021-06-15T13:39:29 MESZ" name="validPostPetstoreSwagger20" finished-at="2021-06-15T13:39:29 MESZ" duration-ms="83" status="PASS">
          <reporter-output>
          </reporter-output>
        </test-method> <!-- validPostPetstoreSwagger20 -->
      </class> <!-- com.axway.apim.openapi.validator.OpenAPIValidatorTest -->
    </test> <!-- Default test -->
  </suite> <!-- Default suite -->
</testng-results>
